
> app@0.1.0 test:coverage
> jest --coverage --json --outputFile=jest-coverage-report-1770862861.json

PASS __tests__/components/navigation/Sidebar.test.tsx (8.475 s)
  ● Console

    console.error
      Unknown event handler property `onAnimationComplete`. It will be ignored.

      497 |       return;
      498 |     }
    > 499 |     originalError.call(console, ...args);
          |                   ^
      500 |   };
      501 |
      502 |   console.warn = (...args: any[]) => {

      at console.error (jest.setup.tsx:499:19)
      at validateProperty (node_modules/react-dom/cjs/react-dom-client.development.js:2935:21)
      at warnUnknownProperties (node_modules/react-dom/cjs/react-dom-client.development.js:3146:9)
      at validatePropertiesInDevelopment (node_modules/react-dom/cjs/react-dom-client.development.js:19868:9)
      at setInitialProperties (node_modules/react-dom/cjs/react-dom-client.development.js:20491:7)
      at completeWork (node_modules/react-dom/cjs/react-dom-client.development.js:12662:18)
      at runWithFiberInDEV (node_modules/react-dom/cjs/react-dom-client.development.js:874:13)
      at completeUnitOfWork (node_modules/react-dom/cjs/react-dom-client.development.js:17777:19)
      at performUnitOfWork (node_modules/react-dom/cjs/react-dom-client.development.js:17658:11)
      at workLoopSync (node_modules/react-dom/cjs/react-dom-client.development.js:17469:41)
      at renderRootSync (node_modules/react-dom/cjs/react-dom-client.development.js:17450:11)
      at performWorkOnRoot (node_modules/react-dom/cjs/react-dom-client.development.js:16504:11)
      at performWorkOnRootViaSchedulerTask (node_modules/react-dom/cjs/react-dom-client.development.js:18957:7)
      at flushActQueue (node_modules/react/cjs/react.development.js:590:34)
      at process.env.NODE_ENV.exports.act (node_modules/react/cjs/react.development.js:884:10)
      at node_modules/@testing-library/react/dist/act-compat.js:46:25
      at renderRoot (node_modules/@testing-library/react/dist/pure.js:189:26)
      at render (node_modules/@testing-library/react/dist/pure.js:291:10)
      at setup (__tests__/components/navigation/Sidebar.test.tsx:104:16)
      at Object.<anonymous> (__tests__/components/navigation/Sidebar.test.tsx:126:7)

PASS src/components/wizard/QuoteWizard.test.tsx
  ● Console

    console.error
      An update to QuoteWizard inside a test was not wrapped in act(...).
      
      When testing, code that causes React state updates should be wrapped into act(...):
      
      act(() => {
        /* fire events that update state */
      });
      /* assert on the output */
      
      This ensures that you're testing the behavior the user would see in the browser. Learn more at https://react.dev/link/wrap-tests-with-act

      497 |       return;
      498 |     }
    > 499 |     originalError.call(console, ...args);
          |                   ^
      500 |   };
      501 |
      502 |   console.warn = (...args: any[]) => {

      at console.error (jest.setup.tsx:499:19)
      at node_modules/react-dom/cjs/react-dom-client.development.js:18758:19
      at runWithFiberInDEV (node_modules/react-dom/cjs/react-dom-client.development.js:874:13)
      at warnIfUpdatesNotWrappedWithActDEV (node_modules/react-dom/cjs/react-dom-client.development.js:18757:9)
      at scheduleUpdateOnFiber (node_modules/react-dom/cjs/react-dom-client.development.js:16409:11)
      at dispatchSetStateInternal (node_modules/react-dom/cjs/react-dom-client.development.js:9170:13)
      at dispatchSetState (node_modules/react-dom/cjs/react-dom-client.development.js:9127:7)
      at setShowSaveIndicator (src/components/wizard/QuoteWizard.tsx:817:7)

    console.error
      An update to QuoteWizard inside a test was not wrapped in act(...).
      
      When testing, code that causes React state updates should be wrapped into act(...):
      
      act(() => {
        /* fire events that update state */
      });
      /* assert on the output */
      
      This ensures that you're testing the behavior the user would see in the browser. Learn more at https://react.dev/link/wrap-tests-with-act

      497 |       return;
      498 |     }
    > 499 |     originalError.call(console, ...args);
          |                   ^
      500 |   };
      501 |
      502 |   console.warn = (...args: any[]) => {

      at console.error (jest.setup.tsx:499:19)
      at node_modules/react-dom/cjs/react-dom-client.development.js:18758:19
      at runWithFiberInDEV (node_modules/react-dom/cjs/react-dom-client.development.js:874:13)
      at warnIfUpdatesNotWrappedWithActDEV (node_modules/react-dom/cjs/react-dom-client.development.js:18757:9)
      at scheduleUpdateOnFiber (node_modules/react-dom/cjs/react-dom-client.development.js:16409:11)
      at dispatchSetStateInternal (node_modules/react-dom/cjs/react-dom-client.development.js:9170:13)
      at dispatchSetState (node_modules/react-dom/cjs/react-dom-client.development.js:9127:7)
      at setIsSavingDraft (src/components/wizard/QuoteWizard.tsx:829:7)

    console.error
      An update to QuoteWizard inside a test was not wrapped in act(...).
      
      When testing, code that causes React state updates should be wrapped into act(...):
      
      act(() => {
        /* fire events that update state */
      });
      /* assert on the output */
      
      This ensures that you're testing the behavior the user would see in the browser. Learn more at https://react.dev/link/wrap-tests-with-act

      497 |       return;
      498 |     }
    > 499 |     originalError.call(console, ...args);
          |                   ^
      500 |   };
      501 |
      502 |   console.warn = (...args: any[]) => {

      at console.error (jest.setup.tsx:499:19)
      at node_modules/react-dom/cjs/react-dom-client.development.js:18758:19
      at runWithFiberInDEV (node_modules/react-dom/cjs/react-dom-client.development.js:874:13)
      at warnIfUpdatesNotWrappedWithActDEV (node_modules/react-dom/cjs/react-dom-client.development.js:18757:9)
      at scheduleUpdateOnFiber (node_modules/react-dom/cjs/react-dom-client.development.js:16409:11)
      at dispatchSetStateInternal (node_modules/react-dom/cjs/react-dom-client.development.js:9170:13)
      at dispatchSetState (node_modules/react-dom/cjs/react-dom-client.development.js:9127:7)
      at setLoadingState (src/components/wizard/QuoteWizard.tsx:830:7)

PASS __tests__/components/export/CSVExportButton.test.tsx
  ● Console

    console.error
      Error: Not implemented: navigation (except hash changes)
          at module.exports (/root/.openclaw/workspace/quotegen-app/node_modules/jsdom/lib/jsdom/browser/not-implemented.js:9:17)
          at navigateFetch (/root/.openclaw/workspace/quotegen-app/node_modules/jsdom/lib/jsdom/living/window/navigation.js:77:3)
          at exports.navigate (/root/.openclaw/workspace/quotegen-app/node_modules/jsdom/lib/jsdom/living/window/navigation.js:55:3)
          at Timeout._onTimeout (/root/.openclaw/workspace/quotegen-app/node_modules/jsdom/lib/jsdom/living/nodes/HTMLHyperlinkElementUtils-impl.js:80:7)
          at listOnTimeout (node:internal/timers:588:17)
          at processTimers (node:internal/timers:523:7) {
        type: 'not implemented'
      }

      497 |       return;
      498 |     }
    > 499 |     originalError.call(console, ...args);
          |                   ^
      500 |   };
      501 |
      502 |   console.warn = (...args: any[]) => {

      at console.error (jest.setup.tsx:499:19)
      at VirtualConsole.<anonymous> (node_modules/@jest/environment-jsdom-abstract/build/index.js:87:23)
      at module.exports (node_modules/jsdom/lib/jsdom/browser/not-implemented.js:12:26)
      at navigateFetch (node_modules/jsdom/lib/jsdom/living/window/navigation.js:77:3)
      at exports.navigate (node_modules/jsdom/lib/jsdom/living/window/navigation.js:55:3)
      at Timeout._onTimeout (node_modules/jsdom/lib/jsdom/living/nodes/HTMLHyperlinkElementUtils-impl.js:80:7)

    console.error
      Error: Not implemented: navigation (except hash changes)
          at module.exports (/root/.openclaw/workspace/quotegen-app/node_modules/jsdom/lib/jsdom/browser/not-implemented.js:9:17)
          at navigateFetch (/root/.openclaw/workspace/quotegen-app/node_modules/jsdom/lib/jsdom/living/window/navigation.js:77:3)
          at exports.navigate (/root/.openclaw/workspace/quotegen-app/node_modules/jsdom/lib/jsdom/living/window/navigation.js:55:3)
          at Timeout._onTimeout (/root/.openclaw/workspace/quotegen-app/node_modules/jsdom/lib/jsdom/living/nodes/HTMLHyperlinkElementUtils-impl.js:80:7)
          at listOnTimeout (node:internal/timers:588:17)
          at processTimers (node:internal/timers:523:7) {
        type: 'not implemented'
      }

      497 |       return;
      498 |     }
    > 499 |     originalError.call(console, ...args);
          |                   ^
      500 |   };
      501 |
      502 |   console.warn = (...args: any[]) => {

      at console.error (jest.setup.tsx:499:19)
      at VirtualConsole.<anonymous> (node_modules/@jest/environment-jsdom-abstract/build/index.js:87:23)
      at module.exports (node_modules/jsdom/lib/jsdom/browser/not-implemented.js:12:26)
      at navigateFetch (node_modules/jsdom/lib/jsdom/living/window/navigation.js:77:3)
      at exports.navigate (node_modules/jsdom/lib/jsdom/living/window/navigation.js:55:3)
      at Timeout._onTimeout (node_modules/jsdom/lib/jsdom/living/nodes/HTMLHyperlinkElementUtils-impl.js:80:7)

    console.error
      Error: Not implemented: navigation (except hash changes)
          at module.exports (/root/.openclaw/workspace/quotegen-app/node_modules/jsdom/lib/jsdom/browser/not-implemented.js:9:17)
          at navigateFetch (/root/.openclaw/workspace/quotegen-app/node_modules/jsdom/lib/jsdom/living/window/navigation.js:77:3)
          at exports.navigate (/root/.openclaw/workspace/quotegen-app/node_modules/jsdom/lib/jsdom/living/window/navigation.js:55:3)
          at Timeout._onTimeout (/root/.openclaw/workspace/quotegen-app/node_modules/jsdom/lib/jsdom/living/nodes/HTMLHyperlinkElementUtils-impl.js:80:7)
          at listOnTimeout (node:internal/timers:588:17)
          at processTimers (node:internal/timers:523:7) {
        type: 'not implemented'
      }

      497 |       return;
      498 |     }
    > 499 |     originalError.call(console, ...args);
          |                   ^
      500 |   };
      501 |
      502 |   console.warn = (...args: any[]) => {

      at console.error (jest.setup.tsx:499:19)
      at VirtualConsole.<anonymous> (node_modules/@jest/environment-jsdom-abstract/build/index.js:87:23)
      at module.exports (node_modules/jsdom/lib/jsdom/browser/not-implemented.js:12:26)
      at navigateFetch (node_modules/jsdom/lib/jsdom/living/window/navigation.js:77:3)
      at exports.navigate (node_modules/jsdom/lib/jsdom/living/window/navigation.js:55:3)
      at Timeout._onTimeout (node_modules/jsdom/lib/jsdom/living/nodes/HTMLHyperlinkElementUtils-impl.js:80:7)

    console.error
      Error: Not implemented: navigation (except hash changes)
          at module.exports (/root/.openclaw/workspace/quotegen-app/node_modules/jsdom/lib/jsdom/browser/not-implemented.js:9:17)
          at navigateFetch (/root/.openclaw/workspace/quotegen-app/node_modules/jsdom/lib/jsdom/living/window/navigation.js:77:3)
          at exports.navigate (/root/.openclaw/workspace/quotegen-app/node_modules/jsdom/lib/jsdom/living/window/navigation.js:55:3)
          at Timeout._onTimeout (/root/.openclaw/workspace/quotegen-app/node_modules/jsdom/lib/jsdom/living/nodes/HTMLHyperlinkElementUtils-impl.js:80:7)
          at listOnTimeout (node:internal/timers:588:17)
          at processTimers (node:internal/timers:523:7) {
        type: 'not implemented'
      }

      497 |       return;
      498 |     }
    > 499 |     originalError.call(console, ...args);
          |                   ^
      500 |   };
      501 |
      502 |   console.warn = (...args: any[]) => {

      at console.error (jest.setup.tsx:499:19)
      at VirtualConsole.<anonymous> (node_modules/@jest/environment-jsdom-abstract/build/index.js:87:23)
      at module.exports (node_modules/jsdom/lib/jsdom/browser/not-implemented.js:12:26)
      at navigateFetch (node_modules/jsdom/lib/jsdom/living/window/navigation.js:77:3)
      at exports.navigate (node_modules/jsdom/lib/jsdom/living/window/navigation.js:55:3)
      at Timeout._onTimeout (node_modules/jsdom/lib/jsdom/living/nodes/HTMLHyperlinkElementUtils-impl.js:80:7)

PASS __tests__/components/layout/DashboardLayout.test.tsx
  ● Console

    console.error
      Received `false` for a non-boolean attribute `initial`.
      
      If you want to write it to the DOM, pass a string instead: initial="false" or initial={value.toString()}.
      
      If you used to conditionally omit it with initial={condition && value}, pass initial={condition ? value : undefined} instead.

      497 |       return;
      498 |     }
    > 499 |     originalError.call(console, ...args);
          |                   ^
      500 |   };
      501 |
      502 |   console.warn = (...args: any[]) => {

      at console.error (jest.setup.tsx:499:19)
      at validateProperty (node_modules/react-dom/cjs/react-dom-client.development.js:3078:27)
      at warnUnknownProperties (node_modules/react-dom/cjs/react-dom-client.development.js:3146:9)
      at validatePropertiesInDevelopment (node_modules/react-dom/cjs/react-dom-client.development.js:19868:9)
      at setInitialProperties (node_modules/react-dom/cjs/react-dom-client.development.js:20491:7)
      at completeWork (node_modules/react-dom/cjs/react-dom-client.development.js:12662:18)
      at runWithFiberInDEV (node_modules/react-dom/cjs/react-dom-client.development.js:874:13)
      at completeUnitOfWork (node_modules/react-dom/cjs/react-dom-client.development.js:17777:19)
      at performUnitOfWork (node_modules/react-dom/cjs/react-dom-client.development.js:17658:11)
      at workLoopSync (node_modules/react-dom/cjs/react-dom-client.development.js:17469:41)
      at renderRootSync (node_modules/react-dom/cjs/react-dom-client.development.js:17450:11)
      at performWorkOnRoot (node_modules/react-dom/cjs/react-dom-client.development.js:16504:11)
      at performWorkOnRootViaSchedulerTask (node_modules/react-dom/cjs/react-dom-client.development.js:18957:7)
      at flushActQueue (node_modules/react/cjs/react.development.js:590:34)
      at process.env.NODE_ENV.exports.act (node_modules/react/cjs/react.development.js:884:10)
      at node_modules/@testing-library/react/dist/act-compat.js:46:25
      at renderRoot (node_modules/@testing-library/react/dist/pure.js:189:26)
      at render (node_modules/@testing-library/react/dist/pure.js:291:10)
      at renderLayout (__tests__/components/layout/DashboardLayout.test.tsx:178:18)
      at Object.<anonymous> (__tests__/components/layout/DashboardLayout.test.tsx:187:7)

    console.error
      Error: Test error
          at ThrowingComponent (/root/.openclaw/workspace/quotegen-app/__tests__/components/layout/DashboardLayout.test.tsx:340:15)
          at Object.react_stack_bottom_frame (/root/.openclaw/workspace/quotegen-app/node_modules/react-dom/cjs/react-dom-client.development.js:25904:20)
          at renderWithHooks (/root/.openclaw/workspace/quotegen-app/node_modules/react-dom/cjs/react-dom-client.development.js:7662:22)
          at updateFunctionComponent (/root/.openclaw/workspace/quotegen-app/node_modules/react-dom/cjs/react-dom-client.development.js:10166:19)
          at beginWork (/root/.openclaw/workspace/quotegen-app/node_modules/react-dom/cjs/react-dom-client.development.js:11778:18)
          at runWithFiberInDEV (/root/.openclaw/workspace/quotegen-app/node_modules/react-dom/cjs/react-dom-client.development.js:874:13)
          at performUnitOfWork (/root/.openclaw/workspace/quotegen-app/node_modules/react-dom/cjs/react-dom-client.development.js:17641:22)
          at workLoopSync (/root/.openclaw/workspace/quotegen-app/node_modules/react-dom/cjs/react-dom-client.development.js:17469:41)
          at renderRootSync (/root/.openclaw/workspace/quotegen-app/node_modules/react-dom/cjs/react-dom-client.development.js:17450:11)
          at performWorkOnRoot (/root/.openclaw/workspace/quotegen-app/node_modules/react-dom/cjs/react-dom-client.development.js:16583:35)
          at performWorkOnRootViaSchedulerTask (/root/.openclaw/workspace/quotegen-app/node_modules/react-dom/cjs/react-dom-client.development.js:18957:7)
          at flushActQueue (/root/.openclaw/workspace/quotegen-app/node_modules/react/cjs/react.development.js:590:34)
          at process.env.NODE_ENV.exports.act (/root/.openclaw/workspace/quotegen-app/node_modules/react/cjs/react.development.js:884:10)
          at /root/.openclaw/workspace/quotegen-app/node_modules/@testing-library/react/dist/act-compat.js:46:25
          at renderRoot (/root/.openclaw/workspace/quotegen-app/node_modules/@testing-library/react/dist/pure.js:189:26)
          at render (/root/.openclaw/workspace/quotegen-app/node_modules/@testing-library/react/dist/pure.js:291:10)
          at Object.<anonymous> (/root/.openclaw/workspace/quotegen-app/__tests__/components/layout/DashboardLayout.test.tsx:343:13)
          at Promise.finally.completed (/root/.openclaw/workspace/quotegen-app/node_modules/jest-circus/build/jestAdapterInit.js:1557:28)
          at new Promise (<anonymous>)
          at callAsyncCircusFn (/root/.openclaw/workspace/quotegen-app/node_modules/jest-circus/build/jestAdapterInit.js:1497:10)
          at _callCircusTest (/root/.openclaw/workspace/quotegen-app/node_modules/jest-circus/build/jestAdapterInit.js:1007:40)
          at _runTest (/root/.openclaw/workspace/quotegen-app/node_modules/jest-circus/build/jestAdapterInit.js:947:3)
          at /root/.openclaw/workspace/quotegen-app/node_modules/jest-circus/build/jestAdapterInit.js:849:7
          at _runTestsForDescribeBlock (/root/.openclaw/workspace/quotegen-app/node_modules/jest-circus/build/jestAdapterInit.js:862:11)
          at _runTestsForDescribeBlock (/root/.openclaw/workspace/quotegen-app/node_modules/jest-circus/build/jestAdapterInit.js:857:11)
          at _runTestsForDescribeBlock (/root/.openclaw/workspace/quotegen-app/node_modules/jest-circus/build/jestAdapterInit.js:857:11)
          at run (/root/.openclaw/workspace/quotegen-app/node_modules/jest-circus/build/jestAdapterInit.js:761:3)
          at runAndTransformResultsToJestFormat (/root/.openclaw/workspace/quotegen-app/node_modules/jest-circus/build/jestAdapterInit.js:1918:21)
          at jestAdapter (/root/.openclaw/workspace/quotegen-app/node_modules/jest-circus/build/runner.js:101:19)
          at runTestInternal (/root/.openclaw/workspace/quotegen-app/node_modules/jest-runner/build/index.js:275:16)
          at runTest (/root/.openclaw/workspace/quotegen-app/node_modules/jest-runner/build/index.js:343:7) {
        [stack]: [Getter/Setter],
        [message]: 'Test error'
      }
      
      The above error occurred in the <ThrowingComponent> component.
      
      React will try to recreate this component tree from scratch using the error boundary you provided, DashboardErrorBoundary.

      497 |       return;
      498 |     }
    > 499 |     originalError.call(console, ...args);
          |                   ^
      500 |   };
      501 |
      502 |   console.warn = (...args: any[]) => {

      at console.error (jest.setup.tsx:499:19)
      at defaultOnCaughtError (node_modules/react-dom/cjs/react-dom-client.development.js:9410:17)
      at logCaughtError (node_modules/react-dom/cjs/react-dom-client.development.js:9446:9)
      at runWithFiberInDEV (node_modules/react-dom/cjs/react-dom-client.development.js:874:13)
      at DashboardErrorBoundary.inst.componentDidCatch.update.callback (node_modules/react-dom/cjs/react-dom-client.development.js:9493:11)
      at callCallback (node_modules/react-dom/cjs/react-dom-client.development.js:7423:16)
      at commitCallbacks (node_modules/react-dom/cjs/react-dom-client.development.js:7443:11)
      at runWithFiberInDEV (node_modules/react-dom/cjs/react-dom-client.development.js:874:13)
      at commitClassCallbacks (node_modules/react-dom/cjs/react-dom-client.development.js:13377:11)
      at commitLayoutEffectOnFiber (node_modules/react-dom/cjs/react-dom-client.development.js:14026:25)
      at recursivelyTraverseLayoutEffects (node_modules/react-dom/cjs/react-dom-client.development.js:15159:11)
      at commitLayoutEffectOnFiber (node_modules/react-dom/cjs/react-dom-client.development.js:13949:11)
      at recursivelyTraverseLayoutEffects (node_modules/react-dom/cjs/react-dom-client.development.js:15159:11)
      at commitLayoutEffectOnFiber (node_modules/react-dom/cjs/react-dom-client.development.js:14031:11)
      at flushLayoutEffects (node_modules/react-dom/cjs/react-dom-client.development.js:18138:15)
      at commitRoot (node_modules/react-dom/cjs/react-dom-client.development.js:17954:9)
      at performWorkOnRoot (node_modules/react-dom/cjs/react-dom-client.development.js:16667:15)
      at performWorkOnRootViaSchedulerTask (node_modules/react-dom/cjs/react-dom-client.development.js:18957:7)
      at flushActQueue (node_modules/react/cjs/react.development.js:590:34)
      at process.env.NODE_ENV.exports.act (node_modules/react/cjs/react.development.js:884:10)
      at node_modules/@testing-library/react/dist/act-compat.js:46:25
      at renderRoot (node_modules/@testing-library/react/dist/pure.js:189:26)
      at render (node_modules/@testing-library/react/dist/pure.js:291:10)
      at Object.<anonymous> (__tests__/components/layout/DashboardLayout.test.tsx:343:13)

    console.error
      Dashboard Error Boundary caught an error: Error: Test error
          at ThrowingComponent (/root/.openclaw/workspace/quotegen-app/__tests__/components/layout/DashboardLayout.test.tsx:340:15)
          at Object.react_stack_bottom_frame (/root/.openclaw/workspace/quotegen-app/node_modules/react-dom/cjs/react-dom-client.development.js:25904:20)
          at renderWithHooks (/root/.openclaw/workspace/quotegen-app/node_modules/react-dom/cjs/react-dom-client.development.js:7662:22)
          at updateFunctionComponent (/root/.openclaw/workspace/quotegen-app/node_modules/react-dom/cjs/react-dom-client.development.js:10166:19)
          at beginWork (/root/.openclaw/workspace/quotegen-app/node_modules/react-dom/cjs/react-dom-client.development.js:11778:18)
          at runWithFiberInDEV (/root/.openclaw/workspace/quotegen-app/node_modules/react-dom/cjs/react-dom-client.development.js:874:13)
          at performUnitOfWork (/root/.openclaw/workspace/quotegen-app/node_modules/react-dom/cjs/react-dom-client.development.js:17641:22)
          at workLoopSync (/root/.openclaw/workspace/quotegen-app/node_modules/react-dom/cjs/react-dom-client.development.js:17469:41)
          at renderRootSync (/root/.openclaw/workspace/quotegen-app/node_modules/react-dom/cjs/react-dom-client.development.js:17450:11)
          at performWorkOnRoot (/root/.openclaw/workspace/quotegen-app/node_modules/react-dom/cjs/react-dom-client.development.js:16583:35)
          at performWorkOnRootViaSchedulerTask (/root/.openclaw/workspace/quotegen-app/node_modules/react-dom/cjs/react-dom-client.development.js:18957:7)
          at flushActQueue (/root/.openclaw/workspace/quotegen-app/node_modules/react/cjs/react.development.js:590:34)
          at process.env.NODE_ENV.exports.act (/root/.openclaw/workspace/quotegen-app/node_modules/react/cjs/react.development.js:884:10)
          at /root/.openclaw/workspace/quotegen-app/node_modules/@testing-library/react/dist/act-compat.js:46:25
          at renderRoot (/root/.openclaw/workspace/quotegen-app/node_modules/@testing-library/react/dist/pure.js:189:26)
          at render (/root/.openclaw/workspace/quotegen-app/node_modules/@testing-library/react/dist/pure.js:291:10)
          at Object.<anonymous> (/root/.openclaw/workspace/quotegen-app/__tests__/components/layout/DashboardLayout.test.tsx:343:13)
          at Promise.finally.completed (/root/.openclaw/workspace/quotegen-app/node_modules/jest-circus/build/jestAdapterInit.js:1557:28)
          at new Promise (<anonymous>)
          at callAsyncCircusFn (/root/.openclaw/workspace/quotegen-app/node_modules/jest-circus/build/jestAdapterInit.js:1497:10)
          at _callCircusTest (/root/.openclaw/workspace/quotegen-app/node_modules/jest-circus/build/jestAdapterInit.js:1007:40)
          at _runTest (/root/.openclaw/workspace/quotegen-app/node_modules/jest-circus/build/jestAdapterInit.js:947:3)
          at /root/.openclaw/workspace/quotegen-app/node_modules/jest-circus/build/jestAdapterInit.js:849:7
          at _runTestsForDescribeBlock (/root/.openclaw/workspace/quotegen-app/node_modules/jest-circus/build/jestAdapterInit.js:862:11)
          at _runTestsForDescribeBlock (/root/.openclaw/workspace/quotegen-app/node_modules/jest-circus/build/jestAdapterInit.js:857:11)
          at _runTestsForDescribeBlock (/root/.openclaw/workspace/quotegen-app/node_modules/jest-circus/build/jestAdapterInit.js:857:11)
          at run (/root/.openclaw/workspace/quotegen-app/node_modules/jest-circus/build/jestAdapterInit.js:761:3)
          at runAndTransformResultsToJestFormat (/root/.openclaw/workspace/quotegen-app/node_modules/jest-circus/build/jestAdapterInit.js:1918:21)
          at jestAdapter (/root/.openclaw/workspace/quotegen-app/node_modules/jest-circus/build/runner.js:101:19)
          at runTestInternal (/root/.openclaw/workspace/quotegen-app/node_modules/jest-runner/build/index.js:275:16)
          at runTest (/root/.openclaw/workspace/quotegen-app/node_modules/jest-runner/build/index.js:343:7) {
        componentStack: '\n' +
          '    at ThrowingComponent (/root/.openclaw/workspace/quotegen-app/__tests__/components/layout/DashboardLayout.test.tsx:340:15)\n' +
          '    at div (<anonymous>)\n' +
          '    at div (/root/.openclaw/workspace/quotegen-app/__tests__/components/layout/DashboardLayout.test.tsx:40:13)\n' +
          '    at AnimatePresence (/root/.openclaw/workspace/quotegen-app/__tests__/components/layout/DashboardLayout.test.tsx:52:23)\n' +
          '    at Suspense (<anonymous>)\n' +
          '    at main (<anonymous>)\n' +
          '    at main (/root/.openclaw/workspace/quotegen-app/__tests__/components/layout/DashboardLayout.test.tsx:43:14)\n' +
          '    at div (<anonymous>)\n' +
          '    at div (/root/.openclaw/workspace/quotegen-app/__tests__/components/layout/DashboardLayout.test.tsx:40:13)\n' +
          '    at div (<anonymous>)\n' +
          '    at DashboardErrorBoundary (/root/.openclaw/workspace/quotegen-app/src/components/layout/DashboardLayout.tsx:229:5)\n' +
          '    at children (/root/.openclaw/workspace/quotegen-app/src/components/layout/DashboardLayout.tsx:845:3)'
      }

      497 |       return;
      498 |     }
    > 499 |     originalError.call(console, ...args);
          |                   ^
      500 |   };
      501 |
      502 |   console.warn = (...args: any[]) => {

      at console.error (jest.setup.tsx:499:19)
      at DashboardErrorBoundary.error [as componentDidCatch] (src/components/layout/DashboardLayout.tsx:238:13)
      at Object.react_stack_bottom_frame (node_modules/react-dom/cjs/react-dom-client.development.js:25959:20)
      at DashboardErrorBoundary.inst.componentDidCatch.update.callback (node_modules/react-dom/cjs/react-dom-client.development.js:9504:11)
      at callCallback (node_modules/react-dom/cjs/react-dom-client.development.js:7423:16)
      at commitCallbacks (node_modules/react-dom/cjs/react-dom-client.development.js:7443:11)
      at runWithFiberInDEV (node_modules/react-dom/cjs/react-dom-client.development.js:874:13)
      at commitClassCallbacks (node_modules/react-dom/cjs/react-dom-client.development.js:13377:11)
      at commitLayoutEffectOnFiber (node_modules/react-dom/cjs/react-dom-client.development.js:14026:25)
      at recursivelyTraverseLayoutEffects (node_modules/react-dom/cjs/react-dom-client.development.js:15159:11)
      at commitLayoutEffectOnFiber (node_modules/react-dom/cjs/react-dom-client.development.js:13949:11)
      at recursivelyTraverseLayoutEffects (node_modules/react-dom/cjs/react-dom-client.development.js:15159:11)
      at commitLayoutEffectOnFiber (node_modules/react-dom/cjs/react-dom-client.development.js:14031:11)
      at flushLayoutEffects (node_modules/react-dom/cjs/react-dom-client.development.js:18138:15)
      at commitRoot (node_modules/react-dom/cjs/react-dom-client.development.js:17954:9)
      at performWorkOnRoot (node_modules/react-dom/cjs/react-dom-client.development.js:16667:15)
      at performWorkOnRootViaSchedulerTask (node_modules/react-dom/cjs/react-dom-client.development.js:18957:7)
      at flushActQueue (node_modules/react/cjs/react.development.js:590:34)
      at process.env.NODE_ENV.exports.act (node_modules/react/cjs/react.development.js:884:10)
      at node_modules/@testing-library/react/dist/act-compat.js:46:25
      at renderRoot (node_modules/@testing-library/react/dist/pure.js:189:26)
      at render (node_modules/@testing-library/react/dist/pure.js:291:10)
      at Object.<anonymous> (__tests__/components/layout/DashboardLayout.test.tsx:343:13)

    console.error
      Dashboard layout error: Error: Test error
          at ThrowingComponent (/root/.openclaw/workspace/quotegen-app/__tests__/components/layout/DashboardLayout.test.tsx:340:15)
          at Object.react_stack_bottom_frame (/root/.openclaw/workspace/quotegen-app/node_modules/react-dom/cjs/react-dom-client.development.js:25904:20)
          at renderWithHooks (/root/.openclaw/workspace/quotegen-app/node_modules/react-dom/cjs/react-dom-client.development.js:7662:22)
          at updateFunctionComponent (/root/.openclaw/workspace/quotegen-app/node_modules/react-dom/cjs/react-dom-client.development.js:10166:19)
          at beginWork (/root/.openclaw/workspace/quotegen-app/node_modules/react-dom/cjs/react-dom-client.development.js:11778:18)
          at runWithFiberInDEV (/root/.openclaw/workspace/quotegen-app/node_modules/react-dom/cjs/react-dom-client.development.js:874:13)
          at performUnitOfWork (/root/.openclaw/workspace/quotegen-app/node_modules/react-dom/cjs/react-dom-client.development.js:17641:22)
          at workLoopSync (/root/.openclaw/workspace/quotegen-app/node_modules/react-dom/cjs/react-dom-client.development.js:17469:41)
          at renderRootSync (/root/.openclaw/workspace/quotegen-app/node_modules/react-dom/cjs/react-dom-client.development.js:17450:11)
          at performWorkOnRoot (/root/.openclaw/workspace/quotegen-app/node_modules/react-dom/cjs/react-dom-client.development.js:16583:35)
          at performWorkOnRootViaSchedulerTask (/root/.openclaw/workspace/quotegen-app/node_modules/react-dom/cjs/react-dom-client.development.js:18957:7)
          at flushActQueue (/root/.openclaw/workspace/quotegen-app/node_modules/react/cjs/react.development.js:590:34)
          at process.env.NODE_ENV.exports.act (/root/.openclaw/workspace/quotegen-app/node_modules/react/cjs/react.development.js:884:10)
          at /root/.openclaw/workspace/quotegen-app/node_modules/@testing-library/react/dist/act-compat.js:46:25
          at renderRoot (/root/.openclaw/workspace/quotegen-app/node_modules/@testing-library/react/dist/pure.js:189:26)
          at render (/root/.openclaw/workspace/quotegen-app/node_modules/@testing-library/react/dist/pure.js:291:10)
          at Object.<anonymous> (/root/.openclaw/workspace/quotegen-app/__tests__/components/layout/DashboardLayout.test.tsx:343:13)
          at Promise.finally.completed (/root/.openclaw/workspace/quotegen-app/node_modules/jest-circus/build/jestAdapterInit.js:1557:28)
          at new Promise (<anonymous>)
          at callAsyncCircusFn (/root/.openclaw/workspace/quotegen-app/node_modules/jest-circus/build/jestAdapterInit.js:1497:10)
          at _callCircusTest (/root/.openclaw/workspace/quotegen-app/node_modules/jest-circus/build/jestAdapterInit.js:1007:40)
          at _runTest (/root/.openclaw/workspace/quotegen-app/node_modules/jest-circus/build/jestAdapterInit.js:947:3)
          at /root/.openclaw/workspace/quotegen-app/node_modules/jest-circus/build/jestAdapterInit.js:849:7
          at _runTestsForDescribeBlock (/root/.openclaw/workspace/quotegen-app/node_modules/jest-circus/build/jestAdapterInit.js:862:11)
          at _runTestsForDescribeBlock (/root/.openclaw/workspace/quotegen-app/node_modules/jest-circus/build/jestAdapterInit.js:857:11)
          at _runTestsForDescribeBlock (/root/.openclaw/workspace/quotegen-app/node_modules/jest-circus/build/jestAdapterInit.js:857:11)
          at run (/root/.openclaw/workspace/quotegen-app/node_modules/jest-circus/build/jestAdapterInit.js:761:3)
          at runAndTransformResultsToJestFormat (/root/.openclaw/workspace/quotegen-app/node_modules/jest-circus/build/jestAdapterInit.js:1918:21)
          at jestAdapter (/root/.openclaw/workspace/quotegen-app/node_modules/jest-circus/build/runner.js:101:19)
          at runTestInternal (/root/.openclaw/workspace/quotegen-app/node_modules/jest-runner/build/index.js:275:16)
          at runTest (/root/.openclaw/workspace/quotegen-app/node_modules/jest-runner/build/index.js:343:7)

      497 |       return;
      498 |     }
    > 499 |     originalError.call(console, ...args);
          |                   ^
      500 |   };
      501 |
      502 |   console.warn = (...args: any[]) => {

      at console.error (jest.setup.tsx:499:19)
      at Object.error [as onError] (src/components/layout/DashboardLayout.tsx:930:13)
      at DashboardErrorBoundary.call [as componentDidCatch] (src/components/layout/DashboardLayout.tsx:240:23)
      at Object.react_stack_bottom_frame (node_modules/react-dom/cjs/react-dom-client.development.js:25959:20)
      at DashboardErrorBoundary.inst.componentDidCatch.update.callback (node_modules/react-dom/cjs/react-dom-client.development.js:9504:11)
      at callCallback (node_modules/react-dom/cjs/react-dom-client.development.js:7423:16)
      at commitCallbacks (node_modules/react-dom/cjs/react-dom-client.development.js:7443:11)
      at runWithFiberInDEV (node_modules/react-dom/cjs/react-dom-client.development.js:874:13)
      at commitClassCallbacks (node_modules/react-dom/cjs/react-dom-client.development.js:13377:11)
      at commitLayoutEffectOnFiber (node_modules/react-dom/cjs/react-dom-client.development.js:14026:25)
      at recursivelyTraverseLayoutEffects (node_modules/react-dom/cjs/react-dom-client.development.js:15159:11)
      at commitLayoutEffectOnFiber (node_modules/react-dom/cjs/react-dom-client.development.js:13949:11)
      at recursivelyTraverseLayoutEffects (node_modules/react-dom/cjs/react-dom-client.development.js:15159:11)
      at commitLayoutEffectOnFiber (node_modules/react-dom/cjs/react-dom-client.development.js:14031:11)
      at flushLayoutEffects (node_modules/react-dom/cjs/react-dom-client.development.js:18138:15)
      at commitRoot (node_modules/react-dom/cjs/react-dom-client.development.js:17954:9)
      at performWorkOnRoot (node_modules/react-dom/cjs/react-dom-client.development.js:16667:15)
      at performWorkOnRootViaSchedulerTask (node_modules/react-dom/cjs/react-dom-client.development.js:18957:7)
      at flushActQueue (node_modules/react/cjs/react.development.js:590:34)
      at process.env.NODE_ENV.exports.act (node_modules/react/cjs/react.development.js:884:10)
      at node_modules/@testing-library/react/dist/act-compat.js:46:25
      at renderRoot (node_modules/@testing-library/react/dist/pure.js:189:26)
      at render (node_modules/@testing-library/react/dist/pure.js:291:10)
      at Object.<anonymous> (__tests__/components/layout/DashboardLayout.test.tsx:343:13)

